Build started 2018/9/2 21:43:11.
     1>Project "D:\OpenGL\testOpenGLES\multiTex_es20\multiTex_es20\multiTex_es20.vcxproj" on node 3 (build target(s)).
     1>InitializeBuildStatus:
         Creating "Debug\multiTex_es20.unsuccessfulbuild" because "AlwaysCreate" was specified.
       ClCompile:
         C:\Program Files (x86)\Microsoft Visual Studio 10.0\VC\bin\CL.exe /c /ID:\OpenGL\testOpenGLES\multiTex_es20\Common\Include /Zi /nologo /W3 /WX- /Od /Oy- /D WIN32 /D _DEBUG /D _CONSOLE /D _UNICODE /D UNICODE /Gm /EHsc /RTC1 /MDd /GS /fp:precise /Zc:wchar_t /Zc:forScope /Fo"Debug\\" /Fd"Debug\vc100.pdb" /Gd /TC /analyze- /errorReport:prompt main.c
         main.c
       ManifestResourceCompile:
         All outputs are up-to-date.
       Link:
         C:\Program Files (x86)\Microsoft Visual Studio 10.0\VC\bin\link.exe /ERRORREPORT:PROMPT /OUT:"D:\OpenGL\testOpenGLES\multiTex_es20\Debug\multiTex_es20.exe" /INCREMENTAL /NOLOGO /LIBPATH:D:\OpenGL\testOpenGLES\multiTex_es20\Common\Lib /LIBPATH:D:\OpenGL\testOpenGLES\multiTex_es20\glesLib esUtil_d.lib libEGL.lib libGLESv2.lib kernel32.lib user32.lib gdi32.lib winspool.lib comdlg32.lib advapi32.lib shell32.lib ole32.lib oleaut32.lib uuid.lib odbc32.lib odbccp32.lib /MANIFEST /ManifestFile:"Debug\multiTex_es20.exe.intermediate.manifest" /MANIFESTUAC:"level='asInvoker' uiAccess='false'" /DEBUG /PDB:"D:\OpenGL\testOpenGLES\multiTex_es20\Debug\multiTex_es20.pdb" /SUBSYSTEM:CONSOLE /TLBID:1 /DYNAMICBASE /NXCOMPAT /IMPLIB:"D:\OpenGL\testOpenGLES\multiTex_es20\Debug\multiTex_es20.lib" /MACHINE:X86 Debug\multiTex_es20.exe.embed.manifest.res
         Debug\genBmpTexture.obj
         Debug\main.obj
       Manifest:
         C:\Program Files (x86)\Microsoft SDKs\Windows\v7.0A\bin\mt.exe /nologo /verbose /out:"Debug\multiTex_es20.exe.embed.manifest" /manifest Debug\multiTex_es20.exe.intermediate.manifest
         All outputs are up-to-date.
       LinkEmbedManifest:
         All outputs are up-to-date.
         multiTex_es20.vcxproj -> D:\OpenGL\testOpenGLES\multiTex_es20\Debug\multiTex_es20.exe
       FinalizeBuildStatus:
         Deleting file "Debug\multiTex_es20.unsuccessfulbuild".
         Touching "Debug\multiTex_es20.lastbuildstate".
     1>Done Building Project "D:\OpenGL\testOpenGLES\multiTex_es20\multiTex_es20\multiTex_es20.vcxproj" (build target(s)).

Build succeeded.

Time Elapsed 00:00:00.56
